<?xml version="1.0" encoding="UTF-8"?>
<!-- Generated by org.testng.reporters.JUnitXMLReporter -->
<testsuite ignored="1" hostname="HPCompaq6300-Melli11" failures="0" tests="1" name="Default test" time="2.281" errors="0" timestamp="2023-04-25T20:26:51 ART">
  <testcase classname="pruebas.MainTest" name="iniciarSesion" time="2.233"/>
  <testcase classname="pruebas.MainTest" name="completarCampos" time="0.0">
    <ignored/>
  </testcase> <!-- completarCampos -->
</testsuite> <!-- Default test -->
