<?xml version="1.0" encoding="UTF-8"?>
<testng-results ignored="1" total="2" passed="1" failed="0" skipped="0">
  <reporter-output>
  </reporter-output>
  <suite started-at="2023-04-25T20:26:49 ART" name="Default suite" finished-at="2023-04-25T20:26:51 ART" duration-ms="2281">
    <groups>
    </groups>
    <test started-at="2023-04-25T20:26:49 ART" name="Default test" finished-at="2023-04-25T20:26:51 ART" duration-ms="2281">
      <class name="pruebas.MainTest">
        <test-method is-config="true" signature="abrirNavegador()[pri:0, instance:pruebas.MainTest@6c1a5b54]" started-at="2023-04-25T20:26:40 ART" name="abrirNavegador" finished-at="2023-04-25T20:26:49 ART" duration-ms="8193" status="PASS">
          <reporter-output>
          </reporter-output>
        </test-method> <!-- abrirNavegador -->
        <test-method signature="iniciarSesion()[pri:0, instance:pruebas.MainTest@6c1a5b54]" started-at="2023-04-25T20:26:49 ART" name="iniciarSesion" finished-at="2023-04-25T20:26:51 ART" duration-ms="2233" status="PASS">
          <reporter-output>
          </reporter-output>
        </test-method> <!-- iniciarSesion -->
      </class> <!-- pruebas.MainTest -->
    </test> <!-- Default test -->
  </suite> <!-- Default suite -->
</testng-results>
